Using Python version: 3.12.9 | packaged by conda-forge | (main, Mar  4 2025, 22:48:41) [GCC 13.3.0]
File '637b023440527bf2daa5932f__post1.json' already exists. Skipping download.
Determining date context from first record in '637b023440527bf2daa5932f__post1.json' using timezone 'America/Chicago'...
Found first Unix timestamp (UTC): 1669032000.2
Reference date determined as: 2022-11-21 in timezone America/Chicago
Processing data from 2022-11-21 06:00:00 CST-0600 (Unix: 1669032000.00)
Processing data until 2022-11-21 10:00:00 CST-0600 (Unix: 1669046400.00)
Setting up plot...
Processing trajectories from '637b023440527bf2daa5932f__post1.json' within the time window...
Processed 1000 valid trajectories within window...
Processed 2000 valid trajectories within window...
Processed 3000 valid trajectories within window...
Processed 4000 valid trajectories within window...
Processed 5000 valid trajectories within window...
Processed 6000 valid trajectories within window...
Processed 7000 valid trajectories within window...
Processed 8000 valid trajectories within window...
Processed 9000 valid trajectories within window...
Processed 10000 valid trajectories within window...
  ...scanned 20000 records...
Processed 11000 valid trajectories within window...
Processed 12000 valid trajectories within window...
Processed 13000 valid trajectories within window...
Processed 14000 valid trajectories within window...
Processed 15000 valid trajectories within window...
Processed 16000 valid trajectories within window...
Processed 17000 valid trajectories within window...
Processed 18000 valid trajectories within window...
Processed 19000 valid trajectories within window...
Processed 20000 valid trajectories within window...
  ...scanned 40000 records...
Processed 21000 valid trajectories within window...
Processed 22000 valid trajectories within window...
Processed 23000 valid trajectories within window...
Processed 24000 valid trajectories within window...
Processed 25000 valid trajectories within window...
Processed 26000 valid trajectories within window...
Processed 27000 valid trajectories within window...
Processed 28000 valid trajectories within window...
Processed 29000 valid trajectories within window...
Processed 30000 valid trajectories within window...
  ...scanned 60000 records...
Processed 31000 valid trajectories within window...
Processed 32000 valid trajectories within window...
Processed 33000 valid trajectories within window...
Processed 34000 valid trajectories within window...
Processed 35000 valid trajectories within window...
Processed 36000 valid trajectories within window...
Processed 37000 valid trajectories within window...
Processed 38000 valid trajectories within window...
Processed 39000 valid trajectories within window...
Processed 40000 valid trajectories within window...
  ...scanned 80000 records...
Processed 41000 valid trajectories within window...
Processed 42000 valid trajectories within window...
Processed 43000 valid trajectories within window...
Processed 44000 valid trajectories within window...
Processed 45000 valid trajectories within window...
Processed 46000 valid trajectories within window...
Processed 47000 valid trajectories within window...
Processed 48000 valid trajectories within window...
Processed 49000 valid trajectories within window...
Processed 50000 valid trajectories within window...
Processed 51000 valid trajectories within window...
  ...scanned 100000 records...
Processed 52000 valid trajectories within window...
Processed 53000 valid trajectories within window...
Processed 54000 valid trajectories within window...
Processed 55000 valid trajectories within window...
Processed 56000 valid trajectories within window...
Processed 57000 valid trajectories within window...
Processed 58000 valid trajectories within window...
Processed 59000 valid trajectories within window...
Processed 60000 valid trajectories within window...
Processed 61000 valid trajectories within window...
Processed 62000 valid trajectories within window...
  ...scanned 120000 records...
Processed 63000 valid trajectories within window...
Processed 64000 valid trajectories within window...
Processed 65000 valid trajectories within window...
Processed 66000 valid trajectories within window...
Processed 67000 valid trajectories within window...
Processed 68000 valid trajectories within window...
Processed 69000 valid trajectories within window...
Processed 70000 valid trajectories within window...
Processed 71000 valid trajectories within window...
Processed 72000 valid trajectories within window...
Processed 73000 valid trajectories within window...
Processed 74000 valid trajectories within window...
  ...scanned 140000 records...
Processed 75000 valid trajectories within window...
Processed 76000 valid trajectories within window...
Processed 77000 valid trajectories within window...
Processed 78000 valid trajectories within window...
Processed 79000 valid trajectories within window...
Processed 80000 valid trajectories within window...
Processed 81000 valid trajectories within window...
Processed 82000 valid trajectories within window...
Processed 83000 valid trajectories within window...
Processed 84000 valid trajectories within window...
Processed 85000 valid trajectories within window...
  ...scanned 160000 records...
Processed 86000 valid trajectories within window...
Processed 87000 valid trajectories within window...
Processed 88000 valid trajectories within window...
Processed 89000 valid trajectories within window...
Processed 90000 valid trajectories within window...
Processed 91000 valid trajectories within window...
Processed 92000 valid trajectories within window...
Processed 93000 valid trajectories within window...
Processed 94000 valid trajectories within window...
Processed 95000 valid trajectories within window...
Processed 96000 valid trajectories within window...
  ...scanned 180000 records...
Processed 97000 valid trajectories within window...
Processed 98000 valid trajectories within window...
Processed 99000 valid trajectories within window...
Processed 100000 valid trajectories within window...
Processed 101000 valid trajectories within window...
Processed 102000 valid trajectories within window...
Processed 103000 valid trajectories within window...
Processed 104000 valid trajectories within window...
Processed 105000 valid trajectories within window...
Processed 106000 valid trajectories within window...
Processed 107000 valid trajectories within window...
  ...scanned 200000 records...
Processed 108000 valid trajectories within window...
Processed 109000 valid trajectories within window...
Processed 110000 valid trajectories within window...
Processed 111000 valid trajectories within window...
Processed 112000 valid trajectories within window...
Processed 113000 valid trajectories within window...
Processed 114000 valid trajectories within window...
Processed 115000 valid trajectories within window...
Processed 116000 valid trajectories within window...
Processed 117000 valid trajectories within window...
Processed 118000 valid trajectories within window...
Processed 119000 valid trajectories within window...
  ...scanned 220000 records...
Processed 120000 valid trajectories within window...
Processed 121000 valid trajectories within window...
Processed 122000 valid trajectories within window...
Processed 123000 valid trajectories within window...
Processed 124000 valid trajectories within window...
Processed 125000 valid trajectories within window...
Processed 126000 valid trajectories within window...
Processed 127000 valid trajectories within window...
Processed 128000 valid trajectories within window...
Processed 129000 valid trajectories within window...
Processed 130000 valid trajectories within window...
Processed 131000 valid trajectories within window...
  ...scanned 240000 records...
Processed 132000 valid trajectories within window...
Processed 133000 valid trajectories within window...
Processed 134000 valid trajectories within window...
Processed 135000 valid trajectories within window...
Processed 136000 valid trajectories within window...
Processed 137000 valid trajectories within window...
Processed 138000 valid trajectories within window...
Processed 139000 valid trajectories within window...
Processed 140000 valid trajectories within window...
Processed 141000 valid trajectories within window...
Processed 142000 valid trajectories within window...
Processed 143000 valid trajectories within window...
  ...scanned 260000 records...
Processed 144000 valid trajectories within window...
Processed 145000 valid trajectories within window...
Processed 146000 valid trajectories within window...
Processed 147000 valid trajectories within window...
Processed 148000 valid trajectories within window...
Processed 149000 valid trajectories within window...
Processed 150000 valid trajectories within window...
Processed 151000 valid trajectories within window...
Processed 152000 valid trajectories within window...
Processed 153000 valid trajectories within window...
Processed 154000 valid trajectories within window...
Processed 155000 valid trajectories within window...
  ...scanned 280000 records...
Processed 156000 valid trajectories within window...
Processed 157000 valid trajectories within window...
Processed 158000 valid trajectories within window...
Processed 159000 valid trajectories within window...
Processed 160000 valid trajectories within window...
Processed 161000 valid trajectories within window...
Processed 162000 valid trajectories within window...
Processed 163000 valid trajectories within window...
Processed 164000 valid trajectories within window...
Processed 165000 valid trajectories within window...
Processed 166000 valid trajectories within window...
Processed 167000 valid trajectories within window...
  ...scanned 300000 records...
Processed 168000 valid trajectories within window...
Processed 169000 valid trajectories within window...
Processed 170000 valid trajectories within window...
Processed 171000 valid trajectories within window...
Processed 172000 valid trajectories within window...
Processed 173000 valid trajectories within window...
Processed 174000 valid trajectories within window...
Processed 175000 valid trajectories within window...
Processed 176000 valid trajectories within window...
Processed 177000 valid trajectories within window...
Processed 178000 valid trajectories within window...
Processed 179000 valid trajectories within window...
  ...scanned 320000 records...
Processed 180000 valid trajectories within window...
Processed 181000 valid trajectories within window...
Processed 182000 valid trajectories within window...
Processed 183000 valid trajectories within window...
Processed 184000 valid trajectories within window...
Processed 185000 valid trajectories within window...
Processed 186000 valid trajectories within window...
Processed 187000 valid trajectories within window...
Processed 188000 valid trajectories within window...
Processed 189000 valid trajectories within window...
Processed 190000 valid trajectories within window...
  ...scanned 340000 records...
Processed 191000 valid trajectories within window...
Processed 192000 valid trajectories within window...
Processed 193000 valid trajectories within window...
Processed 194000 valid trajectories within window...
Processed 195000 valid trajectories within window...
Processed 196000 valid trajectories within window...
Processed 197000 valid trajectories within window...
Processed 198000 valid trajectories within window...
Processed 199000 valid trajectories within window...
Processed 200000 valid trajectories within window...
Processed 201000 valid trajectories within window...
Processed 202000 valid trajectories within window...
  ...scanned 360000 records...
Processed 203000 valid trajectories within window...
Processed 204000 valid trajectories within window...
Processed 205000 valid trajectories within window...
Processed 206000 valid trajectories within window...
Processed 207000 valid trajectories within window...
Processed 208000 valid trajectories within window...
Processed 209000 valid trajectories within window...
Processed 210000 valid trajectories within window...
Processed 211000 valid trajectories within window...
Processed 212000 valid trajectories within window...
Processed 213000 valid trajectories within window...
  ...scanned 380000 records...
Processed 214000 valid trajectories within window...
Processed 215000 valid trajectories within window...
Processed 216000 valid trajectories within window...
Processed 217000 valid trajectories within window...
Processed 218000 valid trajectories within window...
Processed 219000 valid trajectories within window...
Processed 220000 valid trajectories within window...
Processed 221000 valid trajectories within window...
Processed 222000 valid trajectories within window...
Processed 223000 valid trajectories within window...
Processed 224000 valid trajectories within window...
  ...scanned 400000 records...
Processed 225000 valid trajectories within window...
Processed 226000 valid trajectories within window...
Processed 227000 valid trajectories within window...
Processed 228000 valid trajectories within window...
Processed 229000 valid trajectories within window...
Processed 230000 valid trajectories within window...
Processed 231000 valid trajectories within window...
Processed 232000 valid trajectories within window...
Processed 233000 valid trajectories within window...
Processed 234000 valid trajectories within window...
Processed 235000 valid trajectories within window...
  ...scanned 420000 records...
Processed 236000 valid trajectories within window...
Processed 237000 valid trajectories within window...
Processed 238000 valid trajectories within window...
Processed 239000 valid trajectories within window...
Processed 240000 valid trajectories within window...
Processed 241000 valid trajectories within window...
Processed 242000 valid trajectories within window...
Processed 243000 valid trajectories within window...
  ...scanned 440000 records...
  ...scanned 460000 records...
  ...scanned 480000 records...
  ...scanned 500000 records...
  ...scanned 520000 records...
  ...scanned 540000 records...
  ...scanned 560000 records...
  ...scanned 580000 records...
  ...scanned 600000 records...
  ...scanned 620000 records...
  ...scanned 640000 records...
  ...scanned 660000 records...
  ...scanned 680000 records...
  ...scanned 700000 records...
  ...scanned 720000 records...
  ...scanned 740000 records...
  ...scanned 760000 records...
  ...scanned 780000 records...
  ...scanned 800000 records...
  ...scanned 820000 records...
Finished processing. Found and processed 243911 trajectories within window from 830366 records scanned. Elapsed: 371.34 seconds
Creating LineCollection for 61988006 segments...
Finalizing plot...
Saving plot to 'trajectory_plot_time_filtered_lines_tz_east.png'...
Plot saved successfully.
