Using Python version: 3.12.9 | packaged by conda-forge | (main, Mar  4 2025, 22:48:41) [GCC 13.3.0]
File '637b023440527bf2daa5932f__post1.json' already exists. Skipping download.
Determining date context from first record in '637b023440527bf2daa5932f__post1.json' using timezone 'America/Chicago'...
Found first Unix timestamp (UTC): 1669032000.2
Reference date determined as: 2022-11-21 in timezone America/Chicago
Processing data from 2022-11-21 06:00:00 CST-0600 (Unix: 1669032000.00)
Processing data until 2022-11-21 10:00:00 CST-0600 (Unix: 1669046400.00)
Setting up plot...
Processing trajectories from '637b023440527bf2daa5932f__post1.json' within the time window...
Processed 1000 valid trajectories within window...
Processed 2000 valid trajectories within window...
Processed 3000 valid trajectories within window...
Processed 4000 valid trajectories within window...
Processed 5000 valid trajectories within window...
Processed 6000 valid trajectories within window...
Processed 7000 valid trajectories within window...
Processed 8000 valid trajectories within window...
Processed 9000 valid trajectories within window...
  ...scanned 20000 records...
Processed 10000 valid trajectories within window...
Processed 11000 valid trajectories within window...
Processed 12000 valid trajectories within window...
Processed 13000 valid trajectories within window...
Processed 14000 valid trajectories within window...
Processed 15000 valid trajectories within window...
Processed 16000 valid trajectories within window...
Processed 17000 valid trajectories within window...
Processed 18000 valid trajectories within window...
Processed 19000 valid trajectories within window...
  ...scanned 40000 records...
Processed 20000 valid trajectories within window...
Processed 21000 valid trajectories within window...
Processed 22000 valid trajectories within window...
Processed 23000 valid trajectories within window...
Processed 24000 valid trajectories within window...
Processed 25000 valid trajectories within window...
Processed 26000 valid trajectories within window...
Processed 27000 valid trajectories within window...
Processed 28000 valid trajectories within window...
Processed 29000 valid trajectories within window...
  ...scanned 60000 records...
Processed 30000 valid trajectories within window...
Processed 31000 valid trajectories within window...
Processed 32000 valid trajectories within window...
Processed 33000 valid trajectories within window...
Processed 34000 valid trajectories within window...
Processed 35000 valid trajectories within window...
Processed 36000 valid trajectories within window...
Processed 37000 valid trajectories within window...
Processed 38000 valid trajectories within window...
Processed 39000 valid trajectories within window...
  ...scanned 80000 records...
Processed 40000 valid trajectories within window...
Processed 41000 valid trajectories within window...
Processed 42000 valid trajectories within window...
Processed 43000 valid trajectories within window...
Processed 44000 valid trajectories within window...
Processed 45000 valid trajectories within window...
Processed 46000 valid trajectories within window...
Processed 47000 valid trajectories within window...
Processed 48000 valid trajectories within window...
  ...scanned 100000 records...
Processed 49000 valid trajectories within window...
Processed 50000 valid trajectories within window...
Processed 51000 valid trajectories within window...
Processed 52000 valid trajectories within window...
Processed 53000 valid trajectories within window...
Processed 54000 valid trajectories within window...
Processed 55000 valid trajectories within window...
Processed 56000 valid trajectories within window...
Processed 57000 valid trajectories within window...
  ...scanned 120000 records...
Processed 58000 valid trajectories within window...
Processed 59000 valid trajectories within window...
Processed 60000 valid trajectories within window...
Processed 61000 valid trajectories within window...
Processed 62000 valid trajectories within window...
Processed 63000 valid trajectories within window...
Processed 64000 valid trajectories within window...
Processed 65000 valid trajectories within window...
  ...scanned 140000 records...
Processed 66000 valid trajectories within window...
Processed 67000 valid trajectories within window...
Processed 68000 valid trajectories within window...
Processed 69000 valid trajectories within window...
Processed 70000 valid trajectories within window...
Processed 71000 valid trajectories within window...
Processed 72000 valid trajectories within window...
Processed 73000 valid trajectories within window...
Processed 74000 valid trajectories within window...
  ...scanned 160000 records...
Processed 75000 valid trajectories within window...
Processed 76000 valid trajectories within window...
Processed 77000 valid trajectories within window...
Processed 78000 valid trajectories within window...
Processed 79000 valid trajectories within window...
Processed 80000 valid trajectories within window...
Processed 81000 valid trajectories within window...
Processed 82000 valid trajectories within window...
Processed 83000 valid trajectories within window...
  ...scanned 180000 records...
Processed 84000 valid trajectories within window...
Processed 85000 valid trajectories within window...
Processed 86000 valid trajectories within window...
Processed 87000 valid trajectories within window...
Processed 88000 valid trajectories within window...
Processed 89000 valid trajectories within window...
Processed 90000 valid trajectories within window...
Processed 91000 valid trajectories within window...
Processed 92000 valid trajectories within window...
  ...scanned 200000 records...
Processed 93000 valid trajectories within window...
Processed 94000 valid trajectories within window...
Processed 95000 valid trajectories within window...
Processed 96000 valid trajectories within window...
Processed 97000 valid trajectories within window...
Processed 98000 valid trajectories within window...
Processed 99000 valid trajectories within window...
Processed 100000 valid trajectories within window...
  ...scanned 220000 records...
Processed 101000 valid trajectories within window...
Processed 102000 valid trajectories within window...
Processed 103000 valid trajectories within window...
Processed 104000 valid trajectories within window...
Processed 105000 valid trajectories within window...
Processed 106000 valid trajectories within window...
Processed 107000 valid trajectories within window...
Processed 108000 valid trajectories within window...
  ...scanned 240000 records...
Processed 109000 valid trajectories within window...
Processed 110000 valid trajectories within window...
Processed 111000 valid trajectories within window...
Processed 112000 valid trajectories within window...
Processed 113000 valid trajectories within window...
Processed 114000 valid trajectories within window...
Processed 115000 valid trajectories within window...
Processed 116000 valid trajectories within window...
  ...scanned 260000 records...
Processed 117000 valid trajectories within window...
Processed 118000 valid trajectories within window...
Processed 119000 valid trajectories within window...
Processed 120000 valid trajectories within window...
Processed 121000 valid trajectories within window...
Processed 122000 valid trajectories within window...
Processed 123000 valid trajectories within window...
Processed 124000 valid trajectories within window...
  ...scanned 280000 records...
Processed 125000 valid trajectories within window...
Processed 126000 valid trajectories within window...
Processed 127000 valid trajectories within window...
Processed 128000 valid trajectories within window...
Processed 129000 valid trajectories within window...
Processed 130000 valid trajectories within window...
Processed 131000 valid trajectories within window...
Processed 132000 valid trajectories within window...
  ...scanned 300000 records...
Processed 133000 valid trajectories within window...
Processed 134000 valid trajectories within window...
Processed 135000 valid trajectories within window...
Processed 136000 valid trajectories within window...
Processed 137000 valid trajectories within window...
Processed 138000 valid trajectories within window...
Processed 139000 valid trajectories within window...
Processed 140000 valid trajectories within window...
  ...scanned 320000 records...
Processed 141000 valid trajectories within window...
Processed 142000 valid trajectories within window...
Processed 143000 valid trajectories within window...
Processed 144000 valid trajectories within window...
Processed 145000 valid trajectories within window...
Processed 146000 valid trajectories within window...
Processed 147000 valid trajectories within window...
Processed 148000 valid trajectories within window...
Processed 149000 valid trajectories within window...
  ...scanned 340000 records...
Processed 150000 valid trajectories within window...
Processed 151000 valid trajectories within window...
Processed 152000 valid trajectories within window...
Processed 153000 valid trajectories within window...
Processed 154000 valid trajectories within window...
Processed 155000 valid trajectories within window...
Processed 156000 valid trajectories within window...
Processed 157000 valid trajectories within window...
  ...scanned 360000 records...
Processed 158000 valid trajectories within window...
Processed 159000 valid trajectories within window...
Processed 160000 valid trajectories within window...
Processed 161000 valid trajectories within window...
Processed 162000 valid trajectories within window...
Processed 163000 valid trajectories within window...
Processed 164000 valid trajectories within window...
Processed 165000 valid trajectories within window...
Processed 166000 valid trajectories within window...
  ...scanned 380000 records...
Processed 167000 valid trajectories within window...
Processed 168000 valid trajectories within window...
Processed 169000 valid trajectories within window...
Processed 170000 valid trajectories within window...
Processed 171000 valid trajectories within window...
Processed 172000 valid trajectories within window...
Processed 173000 valid trajectories within window...
Processed 174000 valid trajectories within window...
Processed 175000 valid trajectories within window...
  ...scanned 400000 records...
Processed 176000 valid trajectories within window...
Processed 177000 valid trajectories within window...
Processed 178000 valid trajectories within window...
Processed 179000 valid trajectories within window...
Processed 180000 valid trajectories within window...
Processed 181000 valid trajectories within window...
Processed 182000 valid trajectories within window...
Processed 183000 valid trajectories within window...
Processed 184000 valid trajectories within window...
  ...scanned 420000 records...
Processed 185000 valid trajectories within window...
Processed 186000 valid trajectories within window...
Processed 187000 valid trajectories within window...
Processed 188000 valid trajectories within window...
Processed 189000 valid trajectories within window...
Processed 190000 valid trajectories within window...
Processed 191000 valid trajectories within window...
Processed 192000 valid trajectories within window...
Processed 193000 valid trajectories within window...
Processed 194000 valid trajectories within window...
Processed 195000 valid trajectories within window...
Processed 196000 valid trajectories within window...
  ...scanned 440000 records...
Processed 197000 valid trajectories within window...
Processed 198000 valid trajectories within window...
Processed 199000 valid trajectories within window...
Processed 200000 valid trajectories within window...
Processed 201000 valid trajectories within window...
Processed 202000 valid trajectories within window...
Processed 203000 valid trajectories within window...
Processed 204000 valid trajectories within window...
Processed 205000 valid trajectories within window...
Processed 206000 valid trajectories within window...
Processed 207000 valid trajectories within window...
Processed 208000 valid trajectories within window...
Processed 209000 valid trajectories within window...
Processed 210000 valid trajectories within window...
Processed 211000 valid trajectories within window...
Processed 212000 valid trajectories within window...
Processed 213000 valid trajectories within window...
Processed 214000 valid trajectories within window...
Processed 215000 valid trajectories within window...
Processed 216000 valid trajectories within window...
  ...scanned 460000 records...
Processed 217000 valid trajectories within window...
Processed 218000 valid trajectories within window...
Processed 219000 valid trajectories within window...
Processed 220000 valid trajectories within window...
Processed 221000 valid trajectories within window...
Processed 222000 valid trajectories within window...
Processed 223000 valid trajectories within window...
Processed 224000 valid trajectories within window...
Processed 225000 valid trajectories within window...
Processed 226000 valid trajectories within window...
Processed 227000 valid trajectories within window...
Processed 228000 valid trajectories within window...
Processed 229000 valid trajectories within window...
Processed 230000 valid trajectories within window...
Processed 231000 valid trajectories within window...
Processed 232000 valid trajectories within window...
Processed 233000 valid trajectories within window...
Processed 234000 valid trajectories within window...
Processed 235000 valid trajectories within window...
Processed 236000 valid trajectories within window...
  ...scanned 480000 records...
Processed 237000 valid trajectories within window...
Processed 238000 valid trajectories within window...
Processed 239000 valid trajectories within window...
Processed 240000 valid trajectories within window...
Processed 241000 valid trajectories within window...
Processed 242000 valid trajectories within window...
Processed 243000 valid trajectories within window...
Processed 244000 valid trajectories within window...
Processed 245000 valid trajectories within window...
Processed 246000 valid trajectories within window...
Processed 247000 valid trajectories within window...
Processed 248000 valid trajectories within window...
Processed 249000 valid trajectories within window...
Processed 250000 valid trajectories within window...
Processed 251000 valid trajectories within window...
Processed 252000 valid trajectories within window...
Processed 253000 valid trajectories within window...
Processed 254000 valid trajectories within window...
Processed 255000 valid trajectories within window...
Processed 256000 valid trajectories within window...
  ...scanned 500000 records...
Processed 257000 valid trajectories within window...
Processed 258000 valid trajectories within window...
Processed 259000 valid trajectories within window...
Processed 260000 valid trajectories within window...
Processed 261000 valid trajectories within window...
Processed 262000 valid trajectories within window...
Processed 263000 valid trajectories within window...
Processed 264000 valid trajectories within window...
Processed 265000 valid trajectories within window...
Processed 266000 valid trajectories within window...
Processed 267000 valid trajectories within window...
Processed 268000 valid trajectories within window...
Processed 269000 valid trajectories within window...
Processed 270000 valid trajectories within window...
Processed 271000 valid trajectories within window...
Processed 272000 valid trajectories within window...
Processed 273000 valid trajectories within window...
Processed 274000 valid trajectories within window...
Processed 275000 valid trajectories within window...
Processed 276000 valid trajectories within window...
  ...scanned 520000 records...
Processed 277000 valid trajectories within window...
Processed 278000 valid trajectories within window...
Processed 279000 valid trajectories within window...
Processed 280000 valid trajectories within window...
Processed 281000 valid trajectories within window...
Processed 282000 valid trajectories within window...
Processed 283000 valid trajectories within window...
Processed 284000 valid trajectories within window...
Processed 285000 valid trajectories within window...
Processed 286000 valid trajectories within window...
Processed 287000 valid trajectories within window...
Processed 288000 valid trajectories within window...
Processed 289000 valid trajectories within window...
Processed 290000 valid trajectories within window...
Processed 291000 valid trajectories within window...
Processed 292000 valid trajectories within window...
Processed 293000 valid trajectories within window...
Processed 294000 valid trajectories within window...
Processed 295000 valid trajectories within window...
Processed 296000 valid trajectories within window...
  ...scanned 540000 records...
Processed 297000 valid trajectories within window...
Processed 298000 valid trajectories within window...
Processed 299000 valid trajectories within window...
Processed 300000 valid trajectories within window...
Processed 301000 valid trajectories within window...
Processed 302000 valid trajectories within window...
Processed 303000 valid trajectories within window...
Processed 304000 valid trajectories within window...
Processed 305000 valid trajectories within window...
Processed 306000 valid trajectories within window...
Processed 307000 valid trajectories within window...
Processed 308000 valid trajectories within window...
Processed 309000 valid trajectories within window...
Processed 310000 valid trajectories within window...
Processed 311000 valid trajectories within window...
Processed 312000 valid trajectories within window...
Processed 313000 valid trajectories within window...
Processed 314000 valid trajectories within window...
Processed 315000 valid trajectories within window...
Processed 316000 valid trajectories within window...
  ...scanned 560000 records...
Processed 317000 valid trajectories within window...
Processed 318000 valid trajectories within window...
Processed 319000 valid trajectories within window...
Processed 320000 valid trajectories within window...
Processed 321000 valid trajectories within window...
Processed 322000 valid trajectories within window...
Processed 323000 valid trajectories within window...
Processed 324000 valid trajectories within window...
Processed 325000 valid trajectories within window...
Processed 326000 valid trajectories within window...
Processed 327000 valid trajectories within window...
Processed 328000 valid trajectories within window...
Processed 329000 valid trajectories within window...
Processed 330000 valid trajectories within window...
Processed 331000 valid trajectories within window...
Processed 332000 valid trajectories within window...
Processed 333000 valid trajectories within window...
Processed 334000 valid trajectories within window...
Processed 335000 valid trajectories within window...
Processed 336000 valid trajectories within window...
  ...scanned 580000 records...
Processed 337000 valid trajectories within window...
Processed 338000 valid trajectories within window...
Processed 339000 valid trajectories within window...
Processed 340000 valid trajectories within window...
Processed 341000 valid trajectories within window...
Processed 342000 valid trajectories within window...
Processed 343000 valid trajectories within window...
Processed 344000 valid trajectories within window...
Processed 345000 valid trajectories within window...
Processed 346000 valid trajectories within window...
Processed 347000 valid trajectories within window...
Processed 348000 valid trajectories within window...
Processed 349000 valid trajectories within window...
Processed 350000 valid trajectories within window...
Processed 351000 valid trajectories within window...
Processed 352000 valid trajectories within window...
Processed 353000 valid trajectories within window...
Processed 354000 valid trajectories within window...
Processed 355000 valid trajectories within window...
Processed 356000 valid trajectories within window...
  ...scanned 600000 records...
Processed 357000 valid trajectories within window...
Processed 358000 valid trajectories within window...
Processed 359000 valid trajectories within window...
Processed 360000 valid trajectories within window...
Processed 361000 valid trajectories within window...
Processed 362000 valid trajectories within window...
Processed 363000 valid trajectories within window...
Processed 364000 valid trajectories within window...
Processed 365000 valid trajectories within window...
Processed 366000 valid trajectories within window...
Processed 367000 valid trajectories within window...
Processed 368000 valid trajectories within window...
Processed 369000 valid trajectories within window...
Processed 370000 valid trajectories within window...
Processed 371000 valid trajectories within window...
Processed 372000 valid trajectories within window...
Processed 373000 valid trajectories within window...
Processed 374000 valid trajectories within window...
Processed 375000 valid trajectories within window...
Processed 376000 valid trajectories within window...
  ...scanned 620000 records...
Processed 377000 valid trajectories within window...
Processed 378000 valid trajectories within window...
Processed 379000 valid trajectories within window...
Processed 380000 valid trajectories within window...
Processed 381000 valid trajectories within window...
Processed 382000 valid trajectories within window...
Processed 383000 valid trajectories within window...
Processed 384000 valid trajectories within window...
Processed 385000 valid trajectories within window...
Processed 386000 valid trajectories within window...
Processed 387000 valid trajectories within window...
Processed 388000 valid trajectories within window...
Processed 389000 valid trajectories within window...
Processed 390000 valid trajectories within window...
Processed 391000 valid trajectories within window...
Processed 392000 valid trajectories within window...
Processed 393000 valid trajectories within window...
Processed 394000 valid trajectories within window...
Processed 395000 valid trajectories within window...
Processed 396000 valid trajectories within window...
  ...scanned 640000 records...
Processed 397000 valid trajectories within window...
Processed 398000 valid trajectories within window...
Processed 399000 valid trajectories within window...
Processed 400000 valid trajectories within window...
Processed 401000 valid trajectories within window...
Processed 402000 valid trajectories within window...
Processed 403000 valid trajectories within window...
Processed 404000 valid trajectories within window...
Processed 405000 valid trajectories within window...
Processed 406000 valid trajectories within window...
Processed 407000 valid trajectories within window...
Processed 408000 valid trajectories within window...
Processed 409000 valid trajectories within window...
Processed 410000 valid trajectories within window...
Processed 411000 valid trajectories within window...
Processed 412000 valid trajectories within window...
Processed 413000 valid trajectories within window...
Processed 414000 valid trajectories within window...
Processed 415000 valid trajectories within window...
Processed 416000 valid trajectories within window...
  ...scanned 660000 records...
Processed 417000 valid trajectories within window...
Processed 418000 valid trajectories within window...
Processed 419000 valid trajectories within window...
Processed 420000 valid trajectories within window...
Processed 421000 valid trajectories within window...
Processed 422000 valid trajectories within window...
Processed 423000 valid trajectories within window...
Processed 424000 valid trajectories within window...
Processed 425000 valid trajectories within window...
Processed 426000 valid trajectories within window...
Processed 427000 valid trajectories within window...
Processed 428000 valid trajectories within window...
Processed 429000 valid trajectories within window...
Processed 430000 valid trajectories within window...
Processed 431000 valid trajectories within window...
Processed 432000 valid trajectories within window...
Processed 433000 valid trajectories within window...
Processed 434000 valid trajectories within window...
Processed 435000 valid trajectories within window...
Processed 436000 valid trajectories within window...
  ...scanned 680000 records...
Processed 437000 valid trajectories within window...
Processed 438000 valid trajectories within window...
Processed 439000 valid trajectories within window...
Processed 440000 valid trajectories within window...
Processed 441000 valid trajectories within window...
Processed 442000 valid trajectories within window...
Processed 443000 valid trajectories within window...
Processed 444000 valid trajectories within window...
Processed 445000 valid trajectories within window...
Processed 446000 valid trajectories within window...
Processed 447000 valid trajectories within window...
Processed 448000 valid trajectories within window...
Processed 449000 valid trajectories within window...
Processed 450000 valid trajectories within window...
Processed 451000 valid trajectories within window...
Processed 452000 valid trajectories within window...
Processed 453000 valid trajectories within window...
Processed 454000 valid trajectories within window...
Processed 455000 valid trajectories within window...
Processed 456000 valid trajectories within window...
  ...scanned 700000 records...
Processed 457000 valid trajectories within window...
Processed 458000 valid trajectories within window...
Processed 459000 valid trajectories within window...
Processed 460000 valid trajectories within window...
Processed 461000 valid trajectories within window...
Processed 462000 valid trajectories within window...
Processed 463000 valid trajectories within window...
Processed 464000 valid trajectories within window...
Processed 465000 valid trajectories within window...
Processed 466000 valid trajectories within window...
Processed 467000 valid trajectories within window...
Processed 468000 valid trajectories within window...
Processed 469000 valid trajectories within window...
Processed 470000 valid trajectories within window...
Processed 471000 valid trajectories within window...
Processed 472000 valid trajectories within window...
Processed 473000 valid trajectories within window...
Processed 474000 valid trajectories within window...
Processed 475000 valid trajectories within window...
Processed 476000 valid trajectories within window...
  ...scanned 720000 records...
Processed 477000 valid trajectories within window...
Processed 478000 valid trajectories within window...
Processed 479000 valid trajectories within window...
Processed 480000 valid trajectories within window...
Processed 481000 valid trajectories within window...
Processed 482000 valid trajectories within window...
Processed 483000 valid trajectories within window...
Processed 484000 valid trajectories within window...
Processed 485000 valid trajectories within window...
Processed 486000 valid trajectories within window...
Processed 487000 valid trajectories within window...
Processed 488000 valid trajectories within window...
Processed 489000 valid trajectories within window...
Processed 490000 valid trajectories within window...
Processed 491000 valid trajectories within window...
Processed 492000 valid trajectories within window...
Processed 493000 valid trajectories within window...
Processed 494000 valid trajectories within window...
Processed 495000 valid trajectories within window...
Processed 496000 valid trajectories within window...
  ...scanned 740000 records...
Processed 497000 valid trajectories within window...
Processed 498000 valid trajectories within window...
Processed 499000 valid trajectories within window...
Processed 500000 valid trajectories within window...
Processed 501000 valid trajectories within window...
Processed 502000 valid trajectories within window...
Processed 503000 valid trajectories within window...
Processed 504000 valid trajectories within window...
Processed 505000 valid trajectories within window...
Processed 506000 valid trajectories within window...
Processed 507000 valid trajectories within window...
Processed 508000 valid trajectories within window...
Processed 509000 valid trajectories within window...
Processed 510000 valid trajectories within window...
Processed 511000 valid trajectories within window...
Processed 512000 valid trajectories within window...
Processed 513000 valid trajectories within window...
Processed 514000 valid trajectories within window...
Processed 515000 valid trajectories within window...
Processed 516000 valid trajectories within window...
  ...scanned 760000 records...
Processed 517000 valid trajectories within window...
Processed 518000 valid trajectories within window...
Processed 519000 valid trajectories within window...
Processed 520000 valid trajectories within window...
Processed 521000 valid trajectories within window...
Processed 522000 valid trajectories within window...
Processed 523000 valid trajectories within window...
Processed 524000 valid trajectories within window...
Processed 525000 valid trajectories within window...
Processed 526000 valid trajectories within window...
Processed 527000 valid trajectories within window...
Processed 528000 valid trajectories within window...
Processed 529000 valid trajectories within window...
Processed 530000 valid trajectories within window...
Processed 531000 valid trajectories within window...
Processed 532000 valid trajectories within window...
Processed 533000 valid trajectories within window...
Processed 534000 valid trajectories within window...
Processed 535000 valid trajectories within window...
Processed 536000 valid trajectories within window...
  ...scanned 780000 records...
Processed 537000 valid trajectories within window...
Processed 538000 valid trajectories within window...
Processed 539000 valid trajectories within window...
Processed 540000 valid trajectories within window...
Processed 541000 valid trajectories within window...
Processed 542000 valid trajectories within window...
Processed 543000 valid trajectories within window...
Processed 544000 valid trajectories within window...
Processed 545000 valid trajectories within window...
Processed 546000 valid trajectories within window...
Processed 547000 valid trajectories within window...
Processed 548000 valid trajectories within window...
Processed 549000 valid trajectories within window...
Processed 550000 valid trajectories within window...
Processed 551000 valid trajectories within window...
Processed 552000 valid trajectories within window...
Processed 553000 valid trajectories within window...
Processed 554000 valid trajectories within window...
Processed 555000 valid trajectories within window...
Processed 556000 valid trajectories within window...
  ...scanned 800000 records...
Processed 557000 valid trajectories within window...
Processed 558000 valid trajectories within window...
Processed 559000 valid trajectories within window...
Processed 560000 valid trajectories within window...
Processed 561000 valid trajectories within window...
Processed 562000 valid trajectories within window...
Processed 563000 valid trajectories within window...
Processed 564000 valid trajectories within window...
Processed 565000 valid trajectories within window...
Processed 566000 valid trajectories within window...
Processed 567000 valid trajectories within window...
Processed 568000 valid trajectories within window...
Processed 569000 valid trajectories within window...
Processed 570000 valid trajectories within window...
Processed 571000 valid trajectories within window...
Processed 572000 valid trajectories within window...
Processed 573000 valid trajectories within window...
Processed 574000 valid trajectories within window...
Processed 575000 valid trajectories within window...
Processed 576000 valid trajectories within window...
  ...scanned 820000 records...
Processed 577000 valid trajectories within window...
Processed 578000 valid trajectories within window...
Processed 579000 valid trajectories within window...
Processed 580000 valid trajectories within window...
Processed 581000 valid trajectories within window...
Processed 582000 valid trajectories within window...
Processed 583000 valid trajectories within window...
Processed 584000 valid trajectories within window...
Processed 585000 valid trajectories within window...
Processed 586000 valid trajectories within window...
Finished processing. Found and processed 586437 trajectories within window from 830366 records scanned. Elapsed: 470.28 seconds
Creating LineCollection for 217444099 segments...
Finalizing plot...
Saving plot to 'trajectory_plot_time_filtered_lines_tz.png'...
Plot saved successfully.
