Using Python version: 3.12.9 | packaged by conda-forge | (main, Mar  4 2025, 22:48:41) [GCC 13.3.0]
File '637b023440527bf2daa5932f__post1.json' already exists. Skipping download.
Determining date context from first record in '637b023440527bf2daa5932f__post1.json' using timezone 'America/Chicago'...
Found first Unix timestamp (UTC): 1669032000.2
Reference date determined as: 2022-11-21 in timezone America/Chicago
Processing data from 2022-11-21 06:00:00 CST-0600 (Unix: 1669032000.00)
Processing data until 2022-11-21 10:00:00 CST-0600 (Unix: 1669046400.00)

Processing trajectories from '637b023440527bf2daa5932f__post1.json' between UTC 1669032000.00 and 1669046400.00...
  Processed 5000 trajectories within window...
  Processed 10000 trajectories within window...
  Processed 15000 trajectories within window...
  Processed 20000 trajectories within window...
  Processed 25000 trajectories within window...
  Processed 30000 trajectories within window...
  Processed 35000 trajectories within window...
  Processed 40000 trajectories within window...
  Processed 45000 trajectories within window...
  ...scanned 50000 records...
  Processed 50000 trajectories within window...
  Processed 55000 trajectories within window...
  Processed 60000 trajectories within window...
  Processed 65000 trajectories within window...
  Processed 70000 trajectories within window...
  Processed 75000 trajectories within window...
  Processed 80000 trajectories within window...
  Processed 85000 trajectories within window...
  Processed 90000 trajectories within window...
  Processed 95000 trajectories within window...
  ...scanned 100000 records...
  Processed 100000 trajectories within window...
  Processed 105000 trajectories within window...
  Processed 110000 trajectories within window...
  Processed 115000 trajectories within window...
  Processed 120000 trajectories within window...
  Processed 125000 trajectories within window...
  Processed 130000 trajectories within window...
  Processed 135000 trajectories within window...
  Processed 140000 trajectories within window...
  Processed 145000 trajectories within window...
  ...scanned 150000 records...
  Processed 150000 trajectories within window...
  Processed 155000 trajectories within window...
  Processed 160000 trajectories within window...
  Processed 165000 trajectories within window...
  Processed 170000 trajectories within window...
  Processed 175000 trajectories within window...
  Processed 180000 trajectories within window...
  Processed 185000 trajectories within window...
  Processed 190000 trajectories within window...
  Processed 195000 trajectories within window...
  ...scanned 200000 records...
  Processed 200000 trajectories within window...
  Processed 205000 trajectories within window...
  Processed 210000 trajectories within window...
  Processed 215000 trajectories within window...
  Processed 220000 trajectories within window...
  Processed 225000 trajectories within window...
  Processed 230000 trajectories within window...
  Processed 235000 trajectories within window...
  Processed 240000 trajectories within window...
  Processed 245000 trajectories within window...
  ...scanned 250000 records...
  Processed 250000 trajectories within window...
  Processed 255000 trajectories within window...
  Processed 260000 trajectories within window...
  Processed 265000 trajectories within window...
  Processed 270000 trajectories within window...
  Processed 275000 trajectories within window...
  Processed 280000 trajectories within window...
  Processed 285000 trajectories within window...
  Processed 290000 trajectories within window...
  Processed 295000 trajectories within window...
  ...scanned 300000 records...
  Processed 300000 trajectories within window...
  Processed 305000 trajectories within window...
  Processed 310000 trajectories within window...
  Processed 315000 trajectories within window...
  Processed 320000 trajectories within window...
  Processed 325000 trajectories within window...
  Processed 330000 trajectories within window...
  Processed 335000 trajectories within window...
  Processed 340000 trajectories within window...
  Processed 345000 trajectories within window...
  ...scanned 350000 records...
  Processed 350000 trajectories within window...
  Processed 355000 trajectories within window...
  Processed 360000 trajectories within window...
  Processed 365000 trajectories within window...
  Processed 370000 trajectories within window...
  Processed 375000 trajectories within window...
  Processed 380000 trajectories within window...
  Processed 385000 trajectories within window...
  Processed 390000 trajectories within window...
  Processed 395000 trajectories within window...
  ...scanned 400000 records...
  Processed 400000 trajectories within window...
  Processed 405000 trajectories within window...
  Processed 410000 trajectories within window...
  Processed 415000 trajectories within window...
  Processed 420000 trajectories within window...
  Processed 425000 trajectories within window...
  Processed 430000 trajectories within window...
  Processed 435000 trajectories within window...
  Processed 440000 trajectories within window...
  Processed 445000 trajectories within window...
  ...scanned 450000 records...
  Processed 450000 trajectories within window...
  Processed 455000 trajectories within window...
  Processed 460000 trajectories within window...
  Processed 465000 trajectories within window...
  Processed 470000 trajectories within window...
  Processed 475000 trajectories within window...
  Processed 480000 trajectories within window...
  Processed 485000 trajectories within window...
  Processed 490000 trajectories within window...
  Processed 495000 trajectories within window...
  ...scanned 500000 records...
  Processed 500000 trajectories within window...
  Processed 505000 trajectories within window...
  Processed 510000 trajectories within window...
  Processed 515000 trajectories within window...
  Processed 520000 trajectories within window...
  Processed 525000 trajectories within window...
  Processed 530000 trajectories within window...
  Processed 535000 trajectories within window...
  Processed 540000 trajectories within window...
  Processed 545000 trajectories within window...
  ...scanned 550000 records...
  Processed 550000 trajectories within window...
  Processed 555000 trajectories within window...
  Processed 560000 trajectories within window...
  Processed 565000 trajectories within window...
  Processed 570000 trajectories within window...
  Processed 575000 trajectories within window...
  Processed 580000 trajectories within window...
  Processed 585000 trajectories within window...
  Processed 590000 trajectories within window...
  Processed 595000 trajectories within window...
  ...scanned 600000 records...
  Processed 600000 trajectories within window...
  Processed 605000 trajectories within window...
  Processed 610000 trajectories within window...
  Processed 615000 trajectories within window...
  Processed 620000 trajectories within window...
  Processed 625000 trajectories within window...
  Processed 630000 trajectories within window...
  Processed 635000 trajectories within window...
  Processed 640000 trajectories within window...
  Processed 645000 trajectories within window...
  ...scanned 650000 records...
  Processed 650000 trajectories within window...
  Processed 655000 trajectories within window...
  Processed 660000 trajectories within window...
  Processed 665000 trajectories within window...
  Processed 670000 trajectories within window...
  Processed 675000 trajectories within window...
  Processed 680000 trajectories within window...
  Processed 685000 trajectories within window...
  Processed 690000 trajectories within window...
  Processed 695000 trajectories within window...
  ...scanned 700000 records...
  Processed 700000 trajectories within window...
  Processed 705000 trajectories within window...
  Processed 710000 trajectories within window...
  Processed 715000 trajectories within window...
  Processed 720000 trajectories within window...
  Processed 725000 trajectories within window...
  Processed 730000 trajectories within window...
  Processed 735000 trajectories within window...
  Processed 740000 trajectories within window...
  Processed 745000 trajectories within window...
  ...scanned 750000 records...
  Processed 750000 trajectories within window...
  Processed 755000 trajectories within window...
  Processed 760000 trajectories within window...
  Processed 765000 trajectories within window...
  Processed 770000 trajectories within window...
  Processed 775000 trajectories within window...
  Processed 780000 trajectories within window...
  Processed 785000 trajectories within window...
  Processed 790000 trajectories within window...
  Processed 795000 trajectories within window...
  ...scanned 800000 records...
  Processed 800000 trajectories within window...
  Processed 805000 trajectories within window...
  Processed 810000 trajectories within window...
  Processed 815000 trajectories within window...
  Processed 820000 trajectories within window...
  Processed 825000 trajectories within window...
  Processed 830000 trajectories within window...
Finished processing. Scanned 830366 records.
Found 830348 trajectories starting in window.
Generated 264378468 valid speed/lane data points within time window.
Elapsed time: 714.45 seconds

Cleaning data...
Removed 26225 points with speeds outside [0, 120] MPH.

Total valid data points for analysis: 264352243
 Eastbound (EB) points: 57993109
 Westbound (WB) points: 206359134

--- Analyzing Eastbound (EB, Direction 1) Traffic (06:00 - 10:00 CST) ---

Descriptive Statistics per Lane:
      mean  median  std     count  min    max
lane                                         
1    75.35   76.20 8.64  14211365 0.00 119.49
2    70.16   71.08 8.80  17608997 0.00 119.86
3    65.73   66.45 9.01  14637458 0.00 118.37
4    62.55   63.05 8.87  11535289 0.00 119.96

Generating plots...
Saving box plot to 'speed_boxplot_eastbound_(eb,_direction_1)_06:00.png'...
Saving violin plot to 'speed_violinplot_eastbound_(eb,_direction_1)_06:00.png'...

Performing Statistical Analysis (Comparing Lanes):

Kruskal-Wallis Test Results:
 H-statistic: 18503975.9464
 P-value: 0
 Result: Reject Null Hypothesis (p < 0.05).
 Conclusion: There is a statistically significant difference in speed distributions between at least two lanes.

 Performing Dunn's Post-Hoc Test (Bonferroni correction)...

 Dunn's Test - Adjusted P-values for Pairwise Comparisons:
   1  2  3  4
1  1  0  0  0
2  0  1  0  0
3  0  0  1  0
4  0  0  0  1

 Pairs with statistically significant differences (p < 0.05):
 Lane A  Lane B  adjusted_p_value
      1       2                 0
      1       3                 0
      1       4                 0
      2       3                 0
      2       4                 0
      3       4                 0

--- Analyzing Westbound (WB, Direction -1) Traffic (06:00 - 10:00 CST) ---

Descriptive Statistics per Lane:
      mean  median   std     count  min    max
lane                                          
1    26.72   17.62 24.97  60555250 0.00 120.00
2    27.80   19.33 24.21  53769648 0.00 120.00
3    28.20   20.68 22.41  44101331 0.00 120.00
4    24.98   19.26 19.76  47932905 0.00 119.99

Generating plots...
Saving box plot to 'speed_boxplot_westbound_(wb,_direction_-1)_06:00.png'...
Saving violin plot to 'speed_violinplot_westbound_(wb,_direction_-1)_06:00.png'...

Performing Statistical Analysis (Comparing Lanes):

Kruskal-Wallis Test Results:
 H-statistic: 531077.3356
 P-value: 0
 Result: Reject Null Hypothesis (p < 0.05).
 Conclusion: There is a statistically significant difference in speed distributions between at least two lanes.

 Performing Dunn's Post-Hoc Test (Bonferroni correction)...

 Dunn's Test - Adjusted P-values for Pairwise Comparisons:
   1  2  3  4
1  1  0  0  0
2  0  1  0  0
3  0  0  1  0
4  0  0  0  1

 Pairs with statistically significant differences (p < 0.05):
 Lane A  Lane B  adjusted_p_value
      1       2                 0
      1       3                 0
      1       4                 0
      2       3                 0
      2       4                 0
      3       4                 0

---
Data Citation:

Gloudemans, D., Wang, Y., Ji, J., Zachar, G., Barbour, W., Hall, E., Cebelak, M., Smith, L. and Work, D.B., 2023. I-24 MOTION: An instrument for freeway traffic science. Transportation Research Part C: Emerging Technologies, 155, p.104311.

BibTeX:
@article{gloudemans202324,
  title={I-24 MOTION: An instrument for freeway traffic science},
  author={Gloudemans, Derek and Wang, Yanbing and Ji, Junyi and Zachar, Gergely and Barbour, William and Hall, Eric and Cebelak, Meredith and Smith, Lee and Work, Daniel B},
  journal={Transportation Research Part C: Emerging Technologies},
  volume={155},
  pages={104311},
  year={2023},
  publisher={Elsevier}
}

--- End of Analysis ---
